proguard/mapping.txt
com.ndsec.wifisec.Constant -> com.ndsec.wifisec.a:
com.ndsec.wifisec.Constant$ConValue -> com.ndsec.wifisec.b:
    int[] mImageViewArray -> a
    java.lang.String[] mTextviewArray -> b
    java.lang.Class[] mTabClassArray -> c
com.ndsec.wifisec.ListViewActivity -> com.ndsec.wifisec.ListViewActivity:
    android.widget.ListView mylistview -> a
    java.util.List list -> b
    void onCreate(android.os.Bundle) -> onCreate
    java.util.List access$0(com.ndsec.wifisec.ListViewActivity) -> a
com.ndsec.wifisec.ListViewActivity$1 -> com.ndsec.wifisec.c:
    com.ndsec.wifisec.ListViewActivity this$0 -> a
    void onItemClick(android.widget.AdapterView,android.view.View,int,long) -> onItemClick
com.ndsec.wifisec.MainSplashActivity -> com.ndsec.wifisec.MainSplashActivity:
    void onCreate(android.os.Bundle) -> onCreate
com.ndsec.wifisec.MainSplashActivity$1 -> com.ndsec.wifisec.d:
    com.ndsec.wifisec.MainSplashActivity this$0 -> a
    boolean val$isFirstRun -> b
    android.content.SharedPreferences$Editor val$editor -> c
    void onAnimationEnd(android.view.animation.Animation) -> onAnimationEnd
    void onAnimationRepeat(android.view.animation.Animation) -> onAnimationRepeat
    void onAnimationStart(android.view.animation.Animation) -> onAnimationStart
com.ndsec.wifisec.MainTabActivity -> com.ndsec.wifisec.MainTabActivity:
    android.widget.TabHost tabHost -> a
    android.widget.RadioGroup radioGroup -> b
    boolean onOptionsItemSelected(android.view.MenuItem) -> onOptionsItemSelected
    boolean onCreateOptionsMenu(android.view.Menu) -> onCreateOptionsMenu
    void onCreate(android.os.Bundle) -> onCreate
    boolean dispatchKeyEvent(android.view.KeyEvent) -> dispatchKeyEvent
    android.widget.TabHost access$0(com.ndsec.wifisec.MainTabActivity) -> a
com.ndsec.wifisec.MainTabActivity$1 -> com.ndsec.wifisec.e:
    com.ndsec.wifisec.MainTabActivity this$0 -> a
    void onCheckedChanged(android.widget.RadioGroup,int) -> onCheckedChanged
com.ndsec.wifisec.MainTabActivity$2 -> com.ndsec.wifisec.f:
    com.ndsec.wifisec.MainTabActivity this$0 -> a
    void onClick(android.content.DialogInterface,int) -> onClick
com.ndsec.wifisec.MainTabActivity$3 -> com.ndsec.wifisec.g:
    com.ndsec.wifisec.MainTabActivity this$0 -> a
    void onClick(android.content.DialogInterface,int) -> onClick
com.ndsec.wifisec.Params -> com.ndsec.wifisec.h:
    java.lang.String id -> a
    java.lang.String name -> b
    java.lang.String note -> c
    java.lang.String getId() -> a
    void setId(java.lang.String) -> a
    java.lang.String getName() -> b
    void setName(java.lang.String) -> b
    java.lang.String getNote() -> c
    void setNote(java.lang.String) -> c
com.ndsec.wifisec.SwitchActivity -> com.ndsec.wifisec.SwitchActivity:
    com.ndsec.switchLayout.SwitchLayout switchLayout -> a
    android.widget.LinearLayout linearLayout -> b
    int mViewCount -> c
    android.widget.ImageView[] mImageView -> d
    int mCurSel -> e
    void onCreate(android.os.Bundle) -> onCreate
    void access$0(com.ndsec.wifisec.SwitchActivity,int) -> a
com.ndsec.wifisec.SwitchActivity$MOnClickListener -> com.ndsec.wifisec.i:
    com.ndsec.wifisec.SwitchActivity this$0 -> a
    void onClick(android.view.View) -> onClick
com.ndsec.wifisec.SwitchActivity$MOnViewChangeListener -> com.ndsec.wifisec.j:
    com.ndsec.wifisec.SwitchActivity this$0 -> a
    void onViewChange(int) -> a
...
android.support.v4.view.MotionEventCompat$BaseMotionEventVersionImpl -> android.support.v4.view.t:
    int findPointerIndex(android.view.MotionEvent,int) -> a
    int getPointerId(android.view.MotionEvent,int) -> b
    float getX(android.view.MotionEvent,int) -> c
    float getY(android.view.MotionEvent,int) -> d
    int getPointerCount(android.view.MotionEvent) -> a
android.support.v4.view.MotionEventCompat$EclairMotionEventVersionImpl -> android.support.v4.view.u:
    int findPointerIndex(android.view.MotionEvent,int) -> a
    int getPointerId(android.view.MotionEvent,int) -> b
    float getX(android.view.MotionEvent,int) -> c
    float getY(android.view.MotionEvent,int) -> d
    int getPointerCount(android.view.MotionEvent) -> a
android.support.v4.view.MotionEventCompat$MotionEventVersionImpl -> android.support.v4.view.v:
    int findPointerIndex(android.view.MotionEvent,int) -> a
    int getPointerId(android.view.MotionEvent,int) -> b
    float getX(android.view.MotionEvent,int) -> c
    float getY(android.view.MotionEvent,int) -> d
    int getPointerCount(android.view.MotionEvent) -> a
android.support.v4.view.PagerAdapter -> android.support.v4.view.w:
    int getCount() -> a
    void destroyItem$30510aeb() -> b
    boolean isViewFromObject$171eb1dd() -> c
android.support.v4.view.VelocityTrackerCompat -> android.support.v4.view.x:
    android.support.v4.view.VelocityTrackerCompat$VelocityTrackerVersionImpl IMPL -> a
    float getXVelocity(android.view.VelocityTracker,int) -> a
    float getYVelocity(android.view.VelocityTracker,int) -> b
android.support.v4.view.VelocityTrackerCompat$BaseVelocityTrackerVersionImpl -> android.support.v4.view.y:
    float getXVelocity(android.view.VelocityTracker,int) -> a
    float getYVelocity(android.view.VelocityTracker,int) -> b
android.support.v4.view.VelocityTrackerCompat$HoneycombVelocityTrackerVersionImpl -> android.support.v4.view.z:
    float getXVelocity(android.view.VelocityTracker,int) -> a
    float getYVelocity(android.view.VelocityTracker,int) -> b
android.support.v4.view.VelocityTrackerCompat$VelocityTrackerVersionImpl -> android.support.v4.view.aa:
    float getXVelocity(android.view.VelocityTracker,int) -> a
    float getYVelocity(android.view.VelocityTracker,int) -> b
android.support.v4.view.ViewCompat -> android.support.v4.view.ab:
    android.support.v4.view.ViewCompat$ViewCompatImpl IMPL -> a
    boolean canScrollHorizontally(android.view.View,int) -> a
    int getOverScrollMode(android.view.View) -> a
    void postInvalidateOnAnimation(android.view.View) -> b
    void postInvalidateOnAnimation(android.view.View,int,int,int,int) -> a
    void postOnAnimation(android.view.View,java.lang.Runnable) -> a
    void setLayerType(android.view.View,int,android.graphics.Paint) -> a
    int getLayerType(android.view.View) -> c
    void setLayerPaint(android.view.View,android.graphics.Paint) -> a
    int getLayoutDirection(android.view.View) -> d
    boolean isOpaque(android.view.View) -> e
android.support.v4.view.ViewCompat$BaseViewCompatImpl -> android.support.v4.view.ac:
    boolean canScrollHorizontally(android.view.View,int) -> a
    int getOverScrollMode(android.view.View) -> a
    void postInvalidateOnAnimation(android.view.View) -> b
    void postInvalidateOnAnimation(android.view.View,int,int,int,int) -> a
    void postOnAnimation(android.view.View,java.lang.Runnable) -> a
    long getFrameTime() -> a
    void setLayerType(android.view.View,int,android.graphics.Paint) -> a
    int getLayerType(android.view.View) -> c
    void setLayerPaint(android.view.View,android.graphics.Paint) -> a
    int getLayoutDirection(android.view.View) -> d
    boolean isOpaque(android.view.View) -> e
android.support.v4.view.ViewCompat$EclairMr1ViewCompatImpl -> android.support.v4.view.ad:
    boolean isOpaque(android.view.View) -> e
android.support.v4.view.ViewCompat$GBViewCompatImpl -> android.support.v4.view.ae:
    int getOverScrollMode(android.view.View) -> a