proguard/usage.txt
com.ndsec.wifisec.BuildConfig
com.ndsec.wifisec.Constant:
    7:7:public Constant()
com.ndsec.wifisec.Constant$ConValue:
    10:10:public Constant$ConValue()
com.ndsec.wifisec.MainSplashActivity:
    android.content.SharedPreferences sp
    boolean isFirst
com.ndsec.wifisec.MainSplashActivity$1:
    73:73:private android.content.SharedPreferences getSharedPreferences(java.lang.String,int)
com.ndsec.wifisec.Params:
    private static final long serialVersionUID
    36:37:public void deleteNote(java.lang.String)
com.ndsec.wifisec.R
com.ndsec.wifisec.R$anim
com.ndsec.wifisec.R$array
com.ndsec.wifisec.R$attr
com.ndsec.wifisec.R$bool
com.ndsec.wifisec.R$color
com.ndsec.wifisec.R$dimen
com.ndsec.wifisec.R$drawable
com.ndsec.wifisec.R$id
com.ndsec.wifisec.R$integer
com.ndsec.wifisec.R$layout
com.ndsec.wifisec.R$menu
com.ndsec.wifisec.R$string
com.ndsec.wifisec.R$style
com.ndsec.wifisec.R$styleable
com.ndsec.wifisec.R$xml
com.ndsec.wifisec.TabView
com.ndsec.wifisec.Wifiadmin
com.ndsec.wifisec.util.SystemUiHider
com.ndsec.wifisec.util.SystemUiHider$1
com.ndsec.wifisec.util.SystemUiHider$OnVisibilityChangeListener
com.ndsec.wifisec.util.SystemUiHiderBase
com.ndsec.wifisec.util.SystemUiHiderHoneycomb
com.ndsec.wifisec.util.SystemUiHiderHoneycomb$1
...
android.support.v7.app.ActionBar:
    public static final int NAVIGATION_MODE_STANDARD
    public static final int NAVIGATION_MODE_LIST
    public static final int NAVIGATION_MODE_TABS
    public static final int DISPLAY_USE_LOGO
    public static final int DISPLAY_SHOW_HOME
    public static final int DISPLAY_HOME_AS_UP
    public static final int DISPLAY_SHOW_TITLE
    public static final int DISPLAY_SHOW_CUSTOM
    public abstract void setCustomView(android.view.View)
    public abstract void setCustomView(android.view.View,android.support.v7.app.ActionBar$LayoutParams)
    public abstract void setCustomView(int)
    public abstract void setIcon(int)
    public abstract void setIcon(android.graphics.drawable.Drawable)
    public abstract void setLogo(int)
    public abstract void setLogo(android.graphics.drawable.Drawable)
    public abstract void setListNavigationCallbacks(android.widget.SpinnerAdapter,android.support.v7.app.ActionBar$OnNavigationListener)
    public abstract void setSelectedNavigationItem(int)
    public abstract int getSelectedNavigationIndex()
    public abstract int getNavigationItemCount()
    public abstract void setTitle(java.lang.CharSequence)
    public abstract void setTitle(int)
    public abstract void setSubtitle(java.lang.CharSequence)
    public abstract void setSubtitle(int)
    public abstract void setDisplayOptions(int)
    public abstract void setDisplayOptions(int,int)
    public abstract void setDisplayUseLogoEnabled(boolean)
android.support.v7.app.ActionBar$Callback:
    public abstract android.support.v4.app.FragmentManager getSupportFragmentManager()
android.support.v7.app.ActionBar$LayoutParams:
    951:953:public ActionBar$LayoutParams(int,int)
    965:968:public ActionBar$LayoutParams(android.support.v7.app.ActionBar$LayoutParams)
    971:972:public ActionBar$LayoutParams(android.view.ViewGroup$LayoutParams)
android.support.v7.app.ActionBar$OnMenuVisibilityListener
android.support.v7.app.ActionBar$Tab:
    public static final int INVALID_POSITION
    public abstract int getPosition()
    public abstract android.support.v7.app.ActionBar$Tab setIcon(android.graphics.drawable.Drawable)
    public abstract android.support.v7.app.ActionBar$Tab setIcon(int)
    public abstract android.support.v7.app.ActionBar$Tab setText(java.lang.CharSequence)
    public abstract android.support.v7.app.ActionBar$Tab setText(int)
    public abstract android.support.v7.app.ActionBar$Tab setCustomView(android.view.View)
    public abstract android.support.v7.app.ActionBar$Tab setCustomView(int)
    public abstract android.support.v7.app.ActionBar$Tab setTag(java.lang.Object)
    public abstract java.lang.Object getTag()
    public abstract android.support.v7.app.ActionBar$Tab setTabListener(android.support.v7.app.ActionBar$TabListener)
    public abstract android.support.v7.app.ActionBar$Tab setContentDescription(int)
    public abstract android.support.v7.app.ActionBar$Tab setContentDescription(java.lang.CharSequence)
android.support.v7.app.ActionBar$TabListener
android.support.v7.app.ActionBarActivity:
    163:163:public boolean supportRequestWindowFeature(int)
    194:194:public android.support.v7.view.ActionMode startSupportActionMode(android.support.v7.view.ActionMode$Callback)
    265:266:public void setSupportProgressBarVisibility(boolean)
    279:280:public void setSupportProgressBarIndeterminateVisibility(boolean)
    294:295:public void setSupportProgressBarIndeterminate(boolean)
    310:311:public void setSupportProgress(int)
    456:456:public final android.support.v4.app.ActionBarDrawerToggle$Delegate getDrawerToggleDelegate()